[25-Oct-2022 20:41:08 UTC] PHP Fatal error:  Uncaught Error: Class "DcoAi\PhpJina\Jina" not found in E:\dco\websites\repo2\php-jina\src\example.php:19
Stack trace:
#0 {main}
  thrown in E:\dco\websites\repo2\php-jina\src\example.php on line 19
[25-Oct-2022 20:42:29 UTC] PHP Fatal error:  Uncaught Error: Class "DcoAi\PhpJina\Jina" not found in E:\dco\websites\repo2\php-jina\src\example.php:19
Stack trace:
#0 {main}
  thrown in E:\dco\websites\repo2\php-jina\src\example.php on line 19
[25-Oct-2022 20:46:23 UTC] PHP Fatal error:  Uncaught Error: Class "DcoAi\PhpJina\Jina" not found in E:\dco\websites\repo2\php-jina\src\example.php:19
Stack trace:
#0 {main}
  thrown in E:\dco\websites\repo2\php-jina\src\example.php on line 19
[25-Oct-2022 20:46:35 UTC] PHP Fatal error:  Uncaught Error: Class "DcoAi\PhpJina\Jina" not found in E:\dco\websites\repo2\php-jina\src\example.php:19
Stack trace:
#0 {main}
  thrown in E:\dco\websites\repo2\php-jina\src\example.php on line 19
[25-Oct-2022 20:47:33 UTC] PHP Fatal error:  Uncaught Error: Class "DcoAi\PhpJina\Jina" not found in E:\dco\websites\repo2\php-jina\src\example.php:19
Stack trace:
#0 {main}
  thrown in E:\dco\websites\repo2\php-jina\src\example.php on line 19
[25-Oct-2022 20:50:57 UTC] PHP Fatal error:  Uncaught Error: Class "DcoAi\PhpJina\Jina" not found in E:\dco\websites\repo2\php-jina\src\example.php:19
Stack trace:
#0 {main}
  thrown in E:\dco\websites\repo2\php-jina\src\example.php on line 19
[25-Oct-2022 20:51:45 UTC] PHP Fatal error:  Uncaught Error: Class "DcoAi\PhpJina\Jina" not found in E:\dco\websites\repo2\php-jina\src\example.php:19
Stack trace:
#0 {main}
  thrown in E:\dco\websites\repo2\php-jina\src\example.php on line 19
[25-Oct-2022 20:55:51 UTC] PHP Fatal error:  Uncaught Error: Class "DcoAi\PhpJina\Jina" not found in E:\dco\websites\repo2\php-jina\src\example.php:19
Stack trace:
#0 {main}
  thrown in E:\dco\websites\repo2\php-jina\src\example.php on line 19
[25-Oct-2022 20:56:06 UTC] PHP Fatal error:  Uncaught Error: Class "DcoAi\PhpJina\Jina" not found in E:\dco\websites\repo2\php-jina\src\example.php:21
Stack trace:
#0 {main}
  thrown in E:\dco\websites\repo2\php-jina\src\example.php on line 21
[25-Oct-2022 20:56:12 UTC] PHP Fatal error:  Uncaught Error: Class "DcoAi\PhpJina\Jina" not found in E:\dco\websites\repo2\php-jina\src\example.php:21
Stack trace:
#0 {main}
  thrown in E:\dco\websites\repo2\php-jina\src\example.php on line 21
[25-Oct-2022 20:56:17 UTC] PHP Fatal error:  Uncaught Error: Class "DcoAi\PhpJina\Jina" not found in E:\dco\websites\repo2\php-jina\src\example.php:21
Stack trace:
#0 {main}
  thrown in E:\dco\websites\repo2\php-jina\src\example.php on line 21
[25-Oct-2022 20:56:23 UTC] PHP Fatal error:  Uncaught Error: Class "DcoAi\PhpJina\Jina" not found in E:\dco\websites\repo2\php-jina\src\example.php:21
Stack trace:
#0 {main}
  thrown in E:\dco\websites\repo2\php-jina\src\example.php on line 21
[25-Oct-2022 20:56:30 UTC] PHP Fatal error:  Uncaught Error: Class "DcoAi\PhpJina\Jina" not found in E:\dco\websites\repo2\php-jina\src\example.php:21
Stack trace:
#0 {main}
  thrown in E:\dco\websites\repo2\php-jina\src\example.php on line 21
[25-Oct-2022 20:58:11 UTC] PHP Fatal error:  Uncaught Error: Class "DcoAi\PhpJina" not found in E:\dco\websites\repo2\php-jina\src\example.php:21
Stack trace:
#0 {main}
  thrown in E:\dco\websites\repo2\php-jina\src\example.php on line 21
[25-Oct-2022 21:00:22 UTC] PHP Fatal error:  Uncaught Error: Class "DcoAi\PhpJina" not found in E:\dco\websites\repo2\php-jina\src\example.php:19
Stack trace:
#0 {main}
  thrown in E:\dco\websites\repo2\php-jina\src\example.php on line 19
[25-Oct-2022 21:00:46 UTC] PHP Fatal error:  Uncaught Error: Class "DcoAi\PhpJina" not found in E:\dco\websites\repo2\php-jina\src\example.php:19
Stack trace:
#0 {main}
  thrown in E:\dco\websites\repo2\php-jina\src\example.php on line 19
[25-Oct-2022 21:01:58 UTC] PHP Fatal error:  Uncaught Error: Class "DcoAi\PhpJina\Jina" not found in E:\dco\websites\repo2\php-jina\src\example.php:19
Stack trace:
#0 {main}
  thrown in E:\dco\websites\repo2\php-jina\src\example.php on line 19
[25-Oct-2022 21:02:16 UTC] PHP Fatal error:  Uncaught Error: Class "DcoAi\PhpJina\Jina" not found in E:\dco\websites\repo2\php-jina\src\example.php:19
Stack trace:
#0 {main}
  thrown in E:\dco\websites\repo2\php-jina\src\example.php on line 19
[25-Oct-2022 21:04:41 UTC] PHP Fatal error:  Uncaught Error: Class "DcoAi\PhpJina\Jina" not found in E:\dco\websites\repo2\php-jina\src\example.php:19
Stack trace:
#0 {main}
  thrown in E:\dco\websites\repo2\php-jina\src\example.php on line 19
[25-Oct-2022 21:04:57 UTC] PHP Fatal error:  Uncaught Error: Class "DcoAi\PhpJina\Jina" not found in E:\dco\websites\repo2\php-jina\src\example.php:22
Stack trace:
#0 {main}
  thrown in E:\dco\websites\repo2\php-jina\src\example.php on line 22
[25-Oct-2022 21:05:29 UTC] PHP Fatal error:  Uncaught Error: Class "DcoAi\PhpJina\Jina" not found in E:\dco\websites\repo2\php-jina\src\example.php:22
Stack trace:
#0 {main}
  thrown in E:\dco\websites\repo2\php-jina\src\example.php on line 22
[25-Oct-2022 21:09:40 UTC] PHP Fatal error:  Uncaught Error: Class "DcoAi\PhpJina\Jina" not found in E:\dco\websites\repo2\php-jina\src\example.php:22
Stack trace:
#0 {main}
  thrown in E:\dco\websites\repo2\php-jina\src\example.php on line 22
[25-Oct-2022 21:09:52 UTC] PHP Fatal error:  Uncaught Error: Class "DcoAi\PhpJina\Jina" not found in E:\dco\websites\repo2\php-jina\src\example.php:22
Stack trace:
#0 {main}
  thrown in E:\dco\websites\repo2\php-jina\src\example.php on line 22
[25-Oct-2022 21:10:03 UTC] PHP Fatal error:  Uncaught Error: Class "DcoAi\PhpJina\Jina" not found in E:\dco\websites\repo2\php-jina\src\example.php:22
Stack trace:
#0 {main}
  thrown in E:\dco\websites\repo2\php-jina\src\example.php on line 22
[25-Oct-2022 21:10:44 UTC] PHP Fatal error:  Uncaught Error: Class "DcoAi\PhpJina\Jina" not found in E:\dco\websites\repo2\php-jina\src\example.php:22
Stack trace:
#0 {main}
  thrown in E:\dco\websites\repo2\php-jina\src\example.php on line 22
[25-Oct-2022 21:11:23 UTC] PHP Fatal error:  Uncaught Error: Class "DcoAi\PhpJina\Jina" not found in E:\dco\websites\repo2\php-jina\src\example.php:22
Stack trace:
#0 {main}
  thrown in E:\dco\websites\repo2\php-jina\src\example.php on line 22
[25-Oct-2022 21:11:42 UTC] PHP Fatal error:  Uncaught Error: Class "DcoAi\PhpJina\Jina" not found in E:\dco\websites\repo2\php-jina\src\example.php:22
Stack trace:
#0 {main}
  thrown in E:\dco\websites\repo2\php-jina\src\example.php on line 22
[25-Oct-2022 21:28:55 UTC] PHP Fatal error:  Uncaught TypeError: DcoAi\PhpJina\Jina::documentArray(): Return value must be of type DcoAi\PhpJina\structures\DocumentArray, stdClass returned in E:\dco\websites\repo2\php-jina\src\Jina.php:48
Stack trace:
#0 E:\dco\websites\repo2\php-jina\src\example.php(24): DcoAi\PhpJina\Jina->documentArray()
#1 {main}
  thrown in E:\dco\websites\repo2\php-jina\src\Jina.php on line 48
[25-Oct-2022 21:31:33 UTC] PHP Fatal error:  Uncaught Error: Attempt to modify property "parameters" on null in E:\dco\websites\repo2\php-jina\src\example.php:27
Stack trace:
#0 {main}
  thrown in E:\dco\websites\repo2\php-jina\src\example.php on line 27
[25-Oct-2022 21:31:50 UTC] PHP Fatal error:  Uncaught TypeError: DcoAi\PhpJina\Jina::addDocument(): Argument #1 ($da) must be of type DcoAi\PhpJina\structures\DocumentArray, stdClass given, called in E:\dco\websites\repo2\php-jina\src\example.php on line 33 and defined in E:\dco\websites\repo2\php-jina\src\Jina.php:66
Stack trace:
#0 E:\dco\websites\repo2\php-jina\src\example.php(33): DcoAi\PhpJina\Jina->addDocument()
#1 {main}
  thrown in E:\dco\websites\repo2\php-jina\src\Jina.php on line 66
[25-Oct-2022 21:33:51 UTC] PHP Fatal error:  Uncaught Error: Attempt to assign property "text" on null in E:\dco\websites\repo2\php-jina\src\example.php:31
Stack trace:
#0 {main}
  thrown in E:\dco\websites\repo2\php-jina\src\example.php on line 31
[25-Oct-2022 21:34:04 UTC] PHP Fatal error:  Uncaught Error: Attempt to modify property "data" on null in E:\dco\websites\repo2\php-jina\src\Jina.php:70
Stack trace:
#0 E:\dco\websites\repo2\php-jina\src\example.php(33): DcoAi\PhpJina\Jina->addDocument()
#1 {main}
  thrown in E:\dco\websites\repo2\php-jina\src\Jina.php on line 70
[16-Feb-2023 22:35:43 UTC] PHP Fatal error:  Declaration of DcoAi\PhpJina\DataStores\Weaviate\Filter::filter(): array must be compatible with DcoAi\PhpJina\DataStores\Weaviate\WeaviateConnection::filter(): DcoAi\PhpJina\DataStores\Weaviate\Filter in E:\dco\websites\repo2\php-jina\src\DataStores\Weaviate\Filter.php on line 281
[16-Feb-2023 22:37:31 UTC] PHP Warning:  Attempt to read property "classes" on null in E:\dco\websites\repo2\php-jina\src\DataStores\Weaviate\Filter.php on line 66
[16-Feb-2023 22:37:31 UTC] PHP Fatal error:  Uncaught TypeError: DcoAi\PhpJina\DataStores\Weaviate\Filter::extractFilterDataTypes(): Argument #1 ($classes) must be of type array, null given, called in E:\dco\websites\repo2\php-jina\src\DataStores\Weaviate\Filter.php on line 67 and defined in E:\dco\websites\repo2\php-jina\src\DataStores\Weaviate\Filter.php:42
Stack trace:
#0 E:\dco\websites\repo2\php-jina\src\DataStores\Weaviate\Filter.php(67): DcoAi\PhpJina\DataStores\Weaviate\Filter->extractFilterDataTypes()
#1 E:\dco\websites\repo2\php-jina\src\DataStores\Weaviate\Filter.php(12): DcoAi\PhpJina\DataStores\Weaviate\Filter->setFilterDataTypes()
#2 E:\dco\websites\repo2\php-jina\src\DataStores\Weaviate\WeaviateConnection.php(27): DcoAi\PhpJina\DataStores\Weaviate\Filter->__construct()
#3 E:\dco\websites\repo2\php-jina\src\DataStores\DataStoreFactory.php(47): DcoAi\PhpJina\DataStores\Weaviate\WeaviateConnection->filter()
#4 E:\dco\websites\repo2\php-jina\src\JinaClient.php(95): DcoAi\PhpJina\DataStores\DataStoreFactory->filter()
#5 E:\dco\websites\repo2\php-jina\src\example.php(35): DcoAi\PhpJina\JinaClient->useFilterFormatter()
#6 {main}
  thrown in E:\dco\websites\repo2\php-jina\src\DataStores\Weaviate\Filter.php on line 42
[16-Feb-2023 23:26:02 UTC] PHP Fatal error:  Uncaught RuntimeException: This Data Store is not yet supported. in E:\dco\websites\repo2\php-jina\src\DataStores\Redis\Filter.php:8
Stack trace:
#0 E:\dco\websites\repo2\php-jina\src\DataStores\Redis\RedisConnection.php(16): DcoAi\PhpJina\DataStores\Redis\Filter->__construct()
#1 E:\dco\websites\repo2\php-jina\src\DataStores\DataStoreFactory.php(47): DcoAi\PhpJina\DataStores\Redis\RedisConnection->filter()
#2 E:\dco\websites\repo2\php-jina\src\JinaClient.php(95): DcoAi\PhpJina\DataStores\DataStoreFactory->filter()
#3 E:\dco\websites\repo2\php-jina\src\example.php(36): DcoAi\PhpJina\JinaClient->useFilterFormatter()
#4 {main}
  thrown in E:\dco\websites\repo2\php-jina\src\DataStores\Redis\Filter.php on line 8
[16-Feb-2023 23:26:42 UTC] PHP Warning:  Attempt to read property "classes" on null in E:\dco\websites\repo2\php-jina\src\DataStores\Weaviate\Filter.php on line 66
[16-Feb-2023 23:26:42 UTC] PHP Fatal error:  Uncaught TypeError: DcoAi\PhpJina\DataStores\Weaviate\Filter::extractFilterDataTypes(): Argument #1 ($classes) must be of type array, null given, called in E:\dco\websites\repo2\php-jina\src\DataStores\Weaviate\Filter.php on line 67 and defined in E:\dco\websites\repo2\php-jina\src\DataStores\Weaviate\Filter.php:42
Stack trace:
#0 E:\dco\websites\repo2\php-jina\src\DataStores\Weaviate\Filter.php(67): DcoAi\PhpJina\DataStores\Weaviate\Filter->extractFilterDataTypes()
#1 E:\dco\websites\repo2\php-jina\src\DataStores\Weaviate\Filter.php(12): DcoAi\PhpJina\DataStores\Weaviate\Filter->setFilterDataTypes()
#2 E:\dco\websites\repo2\php-jina\src\DataStores\Weaviate\WeaviateConnection.php(27): DcoAi\PhpJina\DataStores\Weaviate\Filter->__construct()
#3 E:\dco\websites\repo2\php-jina\src\DataStores\DataStoreFactory.php(47): DcoAi\PhpJina\DataStores\Weaviate\WeaviateConnection->filter()
#4 E:\dco\websites\repo2\php-jina\src\JinaClient.php(95): DcoAi\PhpJina\DataStores\DataStoreFactory->filter()
#5 E:\dco\websites\repo2\php-jina\src\example.php(36): DcoAi\PhpJina\JinaClient->useFilterFormatter()
#6 {main}
  thrown in E:\dco\websites\repo2\php-jina\src\DataStores\Weaviate\Filter.php on line 42
[17-Feb-2023 15:40:23 UTC] PHP Fatal error:  Uncaught Error: Call to a member function filter() on null in E:\dco\websites\repo2\php-jina\src\DataStores\DataStoreFactory.php:48
Stack trace:
#0 E:\dco\websites\repo2\php-jina\src\JinaClient.php(95): DcoAi\PhpJina\DataStores\DataStoreFactory->filter()
#1 E:\dco\websites\repo2\php-jina\src\example.php(36): DcoAi\PhpJina\JinaClient->useFilterFormatter()
#2 {main}
  thrown in E:\dco\websites\repo2\php-jina\src\DataStores\DataStoreFactory.php on line 48
[17-Feb-2023 15:42:01 UTC] PHP Fatal error:  Uncaught Error: Call to a member function filter() on null in E:\dco\websites\repo2\php-jina\src\DataStores\DataStoreFactory.php:48
Stack trace:
#0 E:\dco\websites\repo2\php-jina\src\JinaClient.php(95): DcoAi\PhpJina\DataStores\DataStoreFactory->filter()
#1 E:\dco\websites\repo2\php-jina\src\example.php(36): DcoAi\PhpJina\JinaClient->useFilterFormatter()
#2 {main}
  thrown in E:\dco\websites\repo2\php-jina\src\DataStores\DataStoreFactory.php on line 48
[17-Feb-2023 15:43:07 UTC] PHP Fatal error:  Uncaught Error: Call to a member function filter() on null in E:\dco\websites\repo2\php-jina\src\DataStores\DataStoreFactory.php:48
Stack trace:
#0 E:\dco\websites\repo2\php-jina\src\JinaClient.php(95): DcoAi\PhpJina\DataStores\DataStoreFactory->filter()
#1 E:\dco\websites\repo2\php-jina\src\example.php(36): DcoAi\PhpJina\JinaClient->useFilterFormatter()
#2 {main}
  thrown in E:\dco\websites\repo2\php-jina\src\DataStores\DataStoreFactory.php on line 48
[17-Feb-2023 15:43:48 UTC] PHP Warning:  Undefined property: DcoAi\PhpJina\DataStores\Default\DefaultConnection::$conf in E:\dco\websites\repo2\php-jina\src\DataStores\Default\DefaultConnection.php on line 10
[17-Feb-2023 15:43:48 UTC] PHP Fatal error:  Uncaught TypeError: DcoAi\PhpJina\DataStores\Default\Filter::notEqual(): Argument #1 ($field) must be of type string, array given, called in E:\dco\websites\repo2\php-jina\src\example.php on line 43 and defined in E:\dco\websites\repo2\php-jina\src\DataStores\Default\Filter.php:126
Stack trace:
#0 E:\dco\websites\repo2\php-jina\src\example.php(43): DcoAi\PhpJina\DataStores\Default\Filter->notEqual()
#1 {main}
  thrown in E:\dco\websites\repo2\php-jina\src\DataStores\Default\Filter.php on line 126
[17-Feb-2023 15:44:06 UTC] PHP Warning:  Undefined property: DcoAi\PhpJina\DataStores\Default\DefaultConnection::$conf in E:\dco\websites\repo2\php-jina\src\DataStores\Default\DefaultConnection.php on line 10
[17-Feb-2023 15:44:48 UTC] PHP Warning:  Undefined property: DcoAi\PhpJina\DataStores\Default\DefaultConnection::$conf in E:\dco\websites\repo2\php-jina\src\DataStores\Default\DefaultConnection.php on line 10
[17-Feb-2023 15:45:35 UTC] PHP Warning:  Undefined property: DcoAi\PhpJina\DataStores\Default\DefaultConnection::$conf in E:\dco\websites\repo2\php-jina\src\DataStores\Default\DefaultConnection.php on line 10
[17-Feb-2023 15:51:46 UTC] PHP Warning:  Undefined property: DcoAi\PhpJina\DataStores\Default\DefaultConnection::$conf in E:\dco\websites\repo2\php-jina\src\DataStores\Default\DefaultConnection.php on line 10
[17-Feb-2023 15:54:54 UTC] PHP Warning:  Undefined property: DcoAi\PhpJina\DataStores\Default\DefaultConnection::$conf in E:\dco\websites\repo2\php-jina\src\DataStores\Default\DefaultConnection.php on line 10
[17-Feb-2023 15:57:47 UTC] PHP Warning:  Undefined property: DcoAi\PhpJina\DataStores\Default\DefaultConnection::$conf in E:\dco\websites\repo2\php-jina\src\DataStores\Default\DefaultConnection.php on line 10
[17-Feb-2023 16:05:30 UTC] PHP Warning:  Undefined property: DcoAi\PhpJina\DataStores\Default\DefaultConnection::$conf in E:\dco\websites\repo2\php-jina\src\DataStores\Default\DefaultConnection.php on line 10
[17-Feb-2023 16:06:20 UTC] PHP Warning:  Undefined property: DcoAi\PhpJina\DataStores\Default\DefaultConnection::$conf in E:\dco\websites\repo2\php-jina\src\DataStores\Default\DefaultConnection.php on line 10
[17-Feb-2023 16:07:13 UTC] PHP Warning:  Undefined property: DcoAi\PhpJina\DataStores\Default\DefaultConnection::$conf in E:\dco\websites\repo2\php-jina\src\DataStores\Default\DefaultConnection.php on line 10
